[2021-02-12 16:40:37] development.ERROR: ErrorException: Object of class Iamk\Mainbanner\Models\MainBanner could not be converted to number in /Users/iamk/git/darling/storage/cms/twig/1f/1ffb275923290ee333b9f2dee90d155777062299a2f894df95e42c095945e5b2.php:87
Stack trace:
#0 /Users/iamk/git/darling/storage/cms/twig/1f/1ffb275923290ee333b9f2dee90d155777062299a2f894df95e42c095945e5b2.php(87): Illuminate\Foundation\Bootstrap\HandleExceptions->handleError(8, 'Object of class...', '/Users/iamk/git...', 87, Array)
#1 /Users/iamk/git/darling/vendor/twig/twig/src/Template.php(407): __TwigTemplate_c23ee6000f493876b9f382c842d46bebdabe8d783a8bb7cf2bcaec60dadde40b->doDisplay(Array, Array)
#2 /Users/iamk/git/darling/vendor/twig/twig/src/Template.php(380): Twig\Template->displayWithErrorHandling(Array, Array)
#3 /Users/iamk/git/darling/vendor/twig/twig/src/Template.php(392): Twig\Template->display(Array)
#4 /Users/iamk/git/darling/modules/cms/Classes/Controller.php(1088): Twig\Template->render(Array)
#5 /Users/iamk/git/darling/modules/cms/Twig/Extension.php(102): Cms\Classes\Controller->renderPartial('builderList', Array, true)
#6 /Users/iamk/git/darling/storage/cms/twig/30/30cf3fe94195f3c706c7afd861248b4bd50160e297a8c0088c116cfde699dc8d.php(63): Cms\Twig\Extension->partialFunction('site/main-banne...', Array, true)
#7 /Users/iamk/git/darling/vendor/twig/twig/src/Template.php(407): __TwigTemplate_9fe354c22b8057b1dce1d14bd501f7c86996719a63996941d58f211dd2157532->doDisplay(Array, Array)
#8 /Users/iamk/git/darling/vendor/twig/twig/src/Template.php(380): Twig\Template->displayWithErrorHandling(Array, Array)
#9 /Users/iamk/git/darling/vendor/twig/twig/src/Template.php(392): Twig\Template->display(Array)
#10 /Users/iamk/git/darling/modules/cms/Classes/Controller.php(425): Twig\Template->render(Array)
#11 /Users/iamk/git/darling/modules/cms/Classes/Controller.php(225): Cms\Classes\Controller->runPage(Object(Cms\Classes\Page))
#12 /Users/iamk/git/darling/modules/cms/Classes/CmsController.php(50): Cms\Classes\Controller->run('/')
#13 [internal function]: Cms\Classes\CmsController->run('/')
#14 /Users/iamk/git/darling/vendor/laravel/framework/src/Illuminate/Routing/Controller.php(54): call_user_func_array(Array, Array)
#15 /Users/iamk/git/darling/vendor/laravel/framework/src/Illuminate/Routing/ControllerDispatcher.php(45): Illuminate\Routing\Controller->callAction('run', Array)
#16 /Users/iamk/git/darling/vendor/laravel/framework/src/Illuminate/Routing/Route.php(212): Illuminate\Routing\ControllerDispatcher->dispatch(Object(Illuminate\Routing\Route), Object(Cms\Classes\CmsController), 'run')
#17 /Users/iamk/git/darling/vendor/laravel/framework/src/Illuminate/Routing/Route.php(169): Illuminate\Routing\Route->runController()
#18 /Users/iamk/git/darling/vendor/laravel/framework/src/Illuminate/Routing/Router.php(658): Illuminate\Routing\Route->run()
#19 /Users/iamk/git/darling/vendor/laravel/framework/src/Illuminate/Routing/Pipeline.php(30): Illuminate\Routing\Router->Illuminate\Routing\{closure}(Object(Illuminate\Http\Request))
#20 /Users/iamk/git/darling/vendor/laravel/framework/src/Illuminate/Routing/Middleware/SubstituteBindings.php(41): Illuminate\Routing\Pipeline->Illuminate\Routing\{closure}(Object(Illuminate\Http\Request))
#21 /Users/iamk/git/darling/vendor/laravel/framework/src/Illuminate/Pipeline/Pipeline.php(149): Illuminate\Routing\Middleware\SubstituteBindings->handle(Object(Illuminate\Http\Request), Object(Closure))
#22 /Users/iamk/git/darling/vendor/laravel/framework/src/Illuminate/Routing/Pipeline.php(53): Illuminate\Pipeline\Pipeline->Illuminate\Pipeline\{closure}(Object(Illuminate\Http\Request))
#23 /Users/iamk/git/darling/vendor/laravel/framework/src/Illuminate/View/Middleware/ShareErrorsFromSession.php(49): Illuminate\Routing\Pipeline->Illuminate\Routing\{closure}(Object(Illuminate\Http\Request))
#24 /Users/iamk/git/darling/vendor/laravel/framework/src/Illuminate/Pipeline/Pipeline.php(149): Illuminate\View\Middleware\ShareErrorsFromSession->handle(Object(Illuminate\Http\Request), Object(Closure))
#25 /Users/iamk/git/darling/vendor/laravel/framework/src/Illuminate/Routing/Pipeline.php(53): Illuminate\Pipeline\Pipeline->Illuminate\Pipeline\{closure}(Object(Illuminate\Http\Request))
#26 /Users/iamk/git/darling/vendor/laravel/framework/src/Illuminate/Session/Middleware/StartSession.php(63): Illuminate\Routing\Pipeline->Illuminate\Routing\{closure}(Object(Illuminate\Http\Request))
#27 /Users/iamk/git/darling/vendor/laravel/framework/src/Illuminate/Pipeline/Pipeline.php(149): Illuminate\Session\Middleware\StartSession->handle(Object(Illuminate\Http\Request), Object(Closure))
#28 /Users/iamk/git/darling/vendor/laravel/framework/src/Illuminate/Routing/Pipeline.php(53): Illuminate\Pipeline\Pipeline->Illuminate\Pipeline\{closure}(Object(Illuminate\Http\Request))
#29 /Users/iamk/git/darling/vendor/laravel/framework/src/Illuminate/Cookie/Middleware/AddQueuedCookiesToResponse.php(37): Illuminate\Routing\Pipeline->Illuminate\Routing\{closure}(Object(Illuminate\Http\Request))
#30 /Users/iamk/git/darling/vendor/laravel/framework/src/Illuminate/Pipeline/Pipeline.php(149): Illuminate\Cookie\Middleware\AddQueuedCookiesToResponse->handle(Object(Illuminate\Http\Request), Object(Closure))
#31 /Users/iamk/git/darling/vendor/laravel/framework/src/Illuminate/Routing/Pipeline.php(53): Illuminate\Pipeline\Pipeline->Illuminate\Pipeline\{closure}(Object(Illuminate\Http\Request))
#32 /Users/iamk/git/darling/vendor/laravel/framework/src/Illuminate/Cookie/Middleware/EncryptCookies.php(68): Illuminate\Routing\Pipeline->Illuminate\Routing\{closure}(Object(Illuminate\Http\Request))
#33 /Users/iamk/git/darling/vendor/laravel/framework/src/Illuminate/Pipeline/Pipeline.php(149): Illuminate\Cookie\Middleware\EncryptCookies->handle(Object(Illuminate\Http\Request), Object(Closure))
#34 /Users/iamk/git/darling/vendor/laravel/framework/src/Illuminate/Routing/Pipeline.php(53): Illuminate\Pipeline\Pipeline->Illuminate\Pipeline\{closure}(Object(Illuminate\Http\Request))
#35 /Users/iamk/git/darling/vendor/laravel/framework/src/Illuminate/Pipeline/Pipeline.php(102): Illuminate\Routing\Pipeline->Illuminate\Routing\{closure}(Object(Illuminate\Http\Request))
#36 /Users/iamk/git/darling/vendor/laravel/framework/src/Illuminate/Routing/Router.php(660): Illuminate\Pipeline\Pipeline->then(Object(Closure))
#37 /Users/iamk/git/darling/vendor/laravel/framework/src/Illuminate/Routing/Router.php(635): Illuminate\Routing\Router->runRouteWithinStack(Object(Illuminate\Routing\Route), Object(Illuminate\Http\Request))
#38 /Users/iamk/git/darling/vendor/laravel/framework/src/Illuminate/Routing/Router.php(601): Illuminate\Routing\Router->runRoute(Object(Illuminate\Http\Request), Object(Illuminate\Routing\Route))
#39 /Users/iamk/git/darling/vendor/october/rain/src/Router/CoreRouter.php(20): Illuminate\Routing\Router->dispatchToRoute(Object(Illuminate\Http\Request))
#40 /Users/iamk/git/darling/vendor/laravel/framework/src/Illuminate/Foundation/Http/Kernel.php(176): October\Rain\Router\CoreRouter->dispatch(Object(Illuminate\Http\Request))
#41 /Users/iamk/git/darling/vendor/laravel/framework/src/Illuminate/Routing/Pipeline.php(30): Illuminate\Foundation\Http\Kernel->Illuminate\Foundation\Http\{closure}(Object(Illuminate\Http\Request))
#42 /Users/iamk/git/darling/vendor/laravel/framework/src/Illuminate/Foundation/Http/Middleware/CheckForMaintenanceMode.php(46): Illuminate\Routing\Pipeline->Illuminate\Routing\{closure}(Object(Illuminate\Http\Request))
#43 /Users/iamk/git/darling/vendor/october/rain/src/Foundation/Http/Middleware/CheckForMaintenanceMode.php(25): Illuminate\Foundation\Http\Middleware\CheckForMaintenanceMode->handle(Object(Illuminate\Http\Request), Object(Closure))
#44 /Users/iamk/git/darling/vendor/laravel/framework/src/Illuminate/Pipeline/Pipeline.php(149): October\Rain\Foundation\Http\Middleware\CheckForMaintenanceMode->handle(Object(Illuminate\Http\Request), Object(Closure))
#45 /Users/iamk/git/darling/vendor/laravel/framework/src/Illuminate/Routing/Pipeline.php(53): Illuminate\Pipeline\Pipeline->Illuminate\Pipeline\{closure}(Object(Illuminate\Http\Request))
#46 /Users/iamk/git/darling/vendor/laravel/framework/src/Illuminate/Pipeline/Pipeline.php(102): Illuminate\Routing\Pipeline->Illuminate\Routing\{closure}(Object(Illuminate\Http\Request))
#47 /Users/iamk/git/darling/vendor/laravel/framework/src/Illuminate/Foundation/Http/Kernel.php(151): Illuminate\Pipeline\Pipeline->then(Object(Closure))
#48 /Users/iamk/git/darling/vendor/laravel/framework/src/Illuminate/Foundation/Http/Kernel.php(116): Illuminate\Foundation\Http\Kernel->sendRequestThroughRouter(Object(Illuminate\Http\Request))
#49 /Users/iamk/git/darling/index.php(43): Illuminate\Foundation\Http\Kernel->handle(Object(Illuminate\Http\Request))
#50 {main}

Next Twig\Error\RuntimeError: An exception has been thrown during the rendering of a template ("Object of class Iamk\Mainbanner\Models\MainBanner could not be converted to number") in "/Users/iamk/git/darling/themes/demo/partials/site/main-banner.htm" at line 13. in /Users/iamk/git/darling/vendor/twig/twig/src/Template.php:421
Stack trace:
#0 /Users/iamk/git/darling/vendor/twig/twig/src/Template.php(380): Twig\Template->displayWithErrorHandling(Array, Array)
#1 /Users/iamk/git/darling/vendor/twig/twig/src/Template.php(392): Twig\Template->display(Array)
#2 /Users/iamk/git/darling/modules/cms/Classes/Controller.php(1088): Twig\Template->render(Array)
#3 /Users/iamk/git/darling/modules/cms/Twig/Extension.php(102): Cms\Classes\Controller->renderPartial('builderList', Array, true)
#4 /Users/iamk/git/darling/storage/cms/twig/30/30cf3fe94195f3c706c7afd861248b4bd50160e297a8c0088c116cfde699dc8d.php(63): Cms\Twig\Extension->partialFunction('site/main-banne...', Array, true)
#5 /Users/iamk/git/darling/vendor/twig/twig/src/Template.php(407): __TwigTemplate_9fe354c22b8057b1dce1d14bd501f7c86996719a63996941d58f211dd2157532->doDisplay(Array, Array)
#6 /Users/iamk/git/darling/vendor/twig/twig/src/Template.php(380): Twig\Template->displayWithErrorHandling(Array, Array)
#7 /Users/iamk/git/darling/vendor/twig/twig/src/Template.php(392): Twig\Template->display(Array)
#8 /Users/iamk/git/darling/modules/cms/Classes/Controller.php(425): Twig\Template->render(Array)
#9 /Users/iamk/git/darling/modules/cms/Classes/Controller.php(225): Cms\Classes\Controller->runPage(Object(Cms\Classes\Page))
#10 /Users/iamk/git/darling/modules/cms/Classes/CmsController.php(50): Cms\Classes\Controller->run('/')
#11 [internal function]: Cms\Classes\CmsController->run('/')
#12 /Users/iamk/git/darling/vendor/laravel/framework/src/Illuminate/Routing/Controller.php(54): call_user_func_array(Array, Array)
#13 /Users/iamk/git/darling/vendor/laravel/framework/src/Illuminate/Routing/ControllerDispatcher.php(45): Illuminate\Routing\Controller->callAction('run', Array)
#14 /Users/iamk/git/darling/vendor/laravel/framework/src/Illuminate/Routing/Route.php(212): Illuminate\Routing\ControllerDispatcher->dispatch(Object(Illuminate\Routing\Route), Object(Cms\Classes\CmsController), 'run')
#15 /Users/iamk/git/darling/vendor/laravel/framework/src/Illuminate/Routing/Route.php(169): Illuminate\Routing\Route->runController()
#16 /Users/iamk/git/darling/vendor/laravel/framework/src/Illuminate/Routing/Router.php(658): Illuminate\Routing\Route->run()
#17 /Users/iamk/git/darling/vendor/laravel/framework/src/Illuminate/Routing/Pipeline.php(30): Illuminate\Routing\Router->Illuminate\Routing\{closure}(Object(Illuminate\Http\Request))
#18 /Users/iamk/git/darling/vendor/laravel/framework/src/Illuminate/Routing/Middleware/SubstituteBindings.php(41): Illuminate\Routing\Pipeline->Illuminate\Routing\{closure}(Object(Illuminate\Http\Request))
#19 /Users/iamk/git/darling/vendor/laravel/framework/src/Illuminate/Pipeline/Pipeline.php(149): Illuminate\Routing\Middleware\SubstituteBindings->handle(Object(Illuminate\Http\Request), Object(Closure))
#20 /Users/iamk/git/darling/vendor/laravel/framework/src/Illuminate/Routing/Pipeline.php(53): Illuminate\Pipeline\Pipeline->Illuminate\Pipeline\{closure}(Object(Illuminate\Http\Request))
#21 /Users/iamk/git/darling/vendor/laravel/framework/src/Illuminate/View/Middleware/ShareErrorsFromSession.php(49): Illuminate\Routing\Pipeline->Illuminate\Routing\{closure}(Object(Illuminate\Http\Request))
#22 /Users/iamk/git/darling/vendor/laravel/framework/src/Illuminate/Pipeline/Pipeline.php(149): Illuminate\View\Middleware\ShareErrorsFromSession->handle(Object(Illuminate\Http\Request), Object(Closure))
#23 /Users/iamk/git/darling/vendor/laravel/framework/src/Illuminate/Routing/Pipeline.php(53): Illuminate\Pipeline\Pipeline->Illuminate\Pipeline\{closure}(Object(Illuminate\Http\Request))
#24 /Users/iamk/git/darling/vendor/laravel/framework/src/Illuminate/Session/Middleware/StartSession.php(63): Illuminate\Routing\Pipeline->Illuminate\Routing\{closure}(Object(Illuminate\Http\Request))
#25 /Users/iamk/git/darling/vendor/laravel/framework/src/Illuminate/Pipeline/Pipeline.php(149): Illuminate\Session\Middleware\StartSession->handle(Object(Illuminate\Http\Request), Object(Closure))
#26 /Users/iamk/git/darling/vendor/laravel/framework/src/Illuminate/Routing/Pipeline.php(53): Illuminate\Pipeline\Pipeline->Illuminate\Pipeline\{closure}(Object(Illuminate\Http\Request))
#27 /Users/iamk/git/darling/vendor/laravel/framework/src/Illuminate/Cookie/Middleware/AddQueuedCookiesToResponse.php(37): Illuminate\Routing\Pipeline->Illuminate\Routing\{closure}(Object(Illuminate\Http\Request))
#28 /Users/iamk/git/darling/vendor/laravel/framework/src/Illuminate/Pipeline/Pipeline.php(149): Illuminate\Cookie\Middleware\AddQueuedCookiesToResponse->handle(Object(Illuminate\Http\Request), Object(Closure))
#29 /Users/iamk/git/darling/vendor/laravel/framework/src/Illuminate/Routing/Pipeline.php(53): Illuminate\Pipeline\Pipeline->Illuminate\Pipeline\{closure}(Object(Illuminate\Http\Request))
#30 /Users/iamk/git/darling/vendor/laravel/framework/src/Illuminate/Cookie/Middleware/EncryptCookies.php(68): Illuminate\Routing\Pipeline->Illuminate\Routing\{closure}(Object(Illuminate\Http\Request))
#31 /Users/iamk/git/darling/vendor/laravel/framework/src/Illuminate/Pipeline/Pipeline.php(149): Illuminate\Cookie\Middleware\EncryptCookies->handle(Object(Illuminate\Http\Request), Object(Closure))
#32 /Users/iamk/git/darling/vendor/laravel/framework/src/Illuminate/Routing/Pipeline.php(53): Illuminate\Pipeline\Pipeline->Illuminate\Pipeline\{closure}(Object(Illuminate\Http\Request))
#33 /Users/iamk/git/darling/vendor/laravel/framework/src/Illuminate/Pipeline/Pipeline.php(102): Illuminate\Routing\Pipeline->Illuminate\Routing\{closure}(Object(Illuminate\Http\Request))
#34 /Users/iamk/git/darling/vendor/laravel/framework/src/Illuminate/Routing/Router.php(660): Illuminate\Pipeline\Pipeline->then(Object(Closure))
#35 /Users/iamk/git/darling/vendor/laravel/framework/src/Illuminate/Routing/Router.php(635): Illuminate\Routing\Router->runRouteWithinStack(Object(Illuminate\Routing\Route), Object(Illuminate\Http\Request))
#36 /Users/iamk/git/darling/vendor/laravel/framework/src/Illuminate/Routing/Router.php(601): Illuminate\Routing\Router->runRoute(Object(Illuminate\Http\Request), Object(Illuminate\Routing\Route))
#37 /Users/iamk/git/darling/vendor/october/rain/src/Router/CoreRouter.php(20): Illuminate\Routing\Router->dispatchToRoute(Object(Illuminate\Http\Request))
#38 /Users/iamk/git/darling/vendor/laravel/framework/src/Illuminate/Foundation/Http/Kernel.php(176): October\Rain\Router\CoreRouter->dispatch(Object(Illuminate\Http\Request))
#39 /Users/iamk/git/darling/vendor/laravel/framework/src/Illuminate/Routing/Pipeline.php(30): Illuminate\Foundation\Http\Kernel->Illuminate\Foundation\Http\{closure}(Object(Illuminate\Http\Request))
#40 /Users/iamk/git/darling/vendor/laravel/framework/src/Illuminate/Foundation/Http/Middleware/CheckForMaintenanceMode.php(46): Illuminate\Routing\Pipeline->Illuminate\Routing\{closure}(Object(Illuminate\Http\Request))
#41 /Users/iamk/git/darling/vendor/october/rain/src/Foundation/Http/Middleware/CheckForMaintenanceMode.php(25): Illuminate\Foundation\Http\Middleware\CheckForMaintenanceMode->handle(Object(Illuminate\Http\Request), Object(Closure))
#42 /Users/iamk/git/darling/vendor/laravel/framework/src/Illuminate/Pipeline/Pipeline.php(149): October\Rain\Foundation\Http\Middleware\CheckForMaintenanceMode->handle(Object(Illuminate\Http\Request), Object(Closure))
#43 /Users/iamk/git/darling/vendor/laravel/framework/src/Illuminate/Routing/Pipeline.php(53): Illuminate\Pipeline\Pipeline->Illuminate\Pipeline\{closure}(Object(Illuminate\Http\Request))
#44 /Users/iamk/git/darling/vendor/laravel/framework/src/Illuminate/Pipeline/Pipeline.php(102): Illuminate\Routing\Pipeline->Illuminate\Routing\{closure}(Object(Illuminate\Http\Request))
#45 /Users/iamk/git/darling/vendor/laravel/framework/src/Illuminate/Foundation/Http/Kernel.php(151): Illuminate\Pipeline\Pipeline->then(Object(Closure))
#46 /Users/iamk/git/darling/vendor/laravel/framework/src/Illuminate/Foundation/Http/Kernel.php(116): Illuminate\Foundation\Http\Kernel->sendRequestThroughRouter(Object(Illuminate\Http\Request))
#47 /Users/iamk/git/darling/index.php(43): Illuminate\Foundation\Http\Kernel->handle(Object(Illuminate\Http\Request))
#48 {main}  
[2021-02-12 16:41:03] development.ERROR: ErrorException: Object of class Iamk\Mainbanner\Models\MainBanner could not be converted to number in /Users/iamk/git/darling/storage/cms/twig/1f/1ffb275923290ee333b9f2dee90d155777062299a2f894df95e42c095945e5b2.php:87
Stack trace:
#0 /Users/iamk/git/darling/storage/cms/twig/1f/1ffb275923290ee333b9f2dee90d155777062299a2f894df95e42c095945e5b2.php(87): Illuminate\Foundation\Bootstrap\HandleExceptions->handleError(8, 'Object of class...', '/Users/iamk/git...', 87, Array)
#1 /Users/iamk/git/darling/vendor/twig/twig/src/Template.php(407): __TwigTemplate_c23ee6000f493876b9f382c842d46bebdabe8d783a8bb7cf2bcaec60dadde40b->doDisplay(Array, Array)
#2 /Users/iamk/git/darling/vendor/twig/twig/src/Template.php(380): Twig\Template->displayWithErrorHandling(Array, Array)
#3 /Users/iamk/git/darling/vendor/twig/twig/src/Template.php(392): Twig\Template->display(Array)
#4 /Users/iamk/git/darling/modules/cms/Classes/Controller.php(1088): Twig\Template->render(Array)
#5 /Users/iamk/git/darling/modules/cms/Twig/Extension.php(102): Cms\Classes\Controller->renderPartial('builderList', Array, true)
#6 /Users/iamk/git/darling/storage/cms/twig/30/30cf3fe94195f3c706c7afd861248b4bd50160e297a8c0088c116cfde699dc8d.php(63): Cms\Twig\Extension->partialFunction('site/main-banne...', Array, true)
#7 /Users/iamk/git/darling/vendor/twig/twig/src/Template.php(407): __TwigTemplate_9fe354c22b8057b1dce1d14bd501f7c86996719a63996941d58f211dd2157532->doDisplay(Array, Array)
#8 /Users/iamk/git/darling/vendor/twig/twig/src/Template.php(380): Twig\Template->displayWithErrorHandling(Array, Array)
#9 /Users/iamk/git/darling/vendor/twig/twig/src/Template.php(392): Twig\Template->display(Array)
#10 /Users/iamk/git/darling/modules/cms/Classes/Controller.php(425): Twig\Template->render(Array)
#11 /Users/iamk/git/darling/modules/cms/Classes/Controller.php(225): Cms\Classes\Controller->runPage(Object(Cms\Classes\Page))
#12 /Users/iamk/git/darling/modules/cms/Classes/CmsController.php(50): Cms\Classes\Controller->run('/')
#13 [internal function]: Cms\Classes\CmsController->run('/')
#14 /Users/iamk/git/darling/vendor/laravel/framework/src/Illuminate/Routing/Controller.php(54): call_user_func_array(Array, Array)
#15 /Users/iamk/git/darling/vendor/laravel/framework/src/Illuminate/Routing/ControllerDispatcher.php(45): Illuminate\Routing\Controller->callAction('run', Array)
#16 /Users/iamk/git/darling/vendor/laravel/framework/src/Illuminate/Routing/Route.php(212): Illuminate\Routing\ControllerDispatcher->dispatch(Object(Illuminate\Routing\Route), Object(Cms\Classes\CmsController), 'run')
#17 /Users/iamk/git/darling/vendor/laravel/framework/src/Illuminate/Routing/Route.php(169): Illuminate\Routing\Route->runController()
#18 /Users/iamk/git/darling/vendor/laravel/framework/src/Illuminate/Routing/Router.php(658): Illuminate\Routing\Route->run()
#19 /Users/iamk/git/darling/vendor/laravel/framework/src/Illuminate/Routing/Pipeline.php(30): Illuminate\Routing\Router->Illuminate\Routing\{closure}(Object(Illuminate\Http\Request))
#20 /Users/iamk/git/darling/vendor/laravel/framework/src/Illuminate/Routing/Middleware/SubstituteBindings.php(41): Illuminate\Routing\Pipeline->Illuminate\Routing\{closure}(Object(Illuminate\Http\Request))
#21 /Users/iamk/git/darling/vendor/laravel/framework/src/Illuminate/Pipeline/Pipeline.php(149): Illuminate\Routing\Middleware\SubstituteBindings->handle(Object(Illuminate\Http\Request), Object(Closure))
#22 /Users/iamk/git/darling/vendor/laravel/framework/src/Illuminate/Routing/Pipeline.php(53): Illuminate\Pipeline\Pipeline->Illuminate\Pipeline\{closure}(Object(Illuminate\Http\Request))
#23 /Users/iamk/git/darling/vendor/laravel/framework/src/Illuminate/View/Middleware/ShareErrorsFromSession.php(49): Illuminate\Routing\Pipeline->Illuminate\Routing\{closure}(Object(Illuminate\Http\Request))
#24 /Users/iamk/git/darling/vendor/laravel/framework/src/Illuminate/Pipeline/Pipeline.php(149): Illuminate\View\Middleware\ShareErrorsFromSession->handle(Object(Illuminate\Http\Request), Object(Closure))
#25 /Users/iamk/git/darling/vendor/laravel/framework/src/Illuminate/Routing/Pipeline.php(53): Illuminate\Pipeline\Pipeline->Illuminate\Pipeline\{closure}(Object(Illuminate\Http\Request))
#26 /Users/iamk/git/darling/vendor/laravel/framework/src/Illuminate/Session/Middleware/StartSession.php(63): Illuminate\Routing\Pipeline->Illuminate\Routing\{closure}(Object(Illuminate\Http\Request))
#27 /Users/iamk/git/darling/vendor/laravel/framework/src/Illuminate/Pipeline/Pipeline.php(149): Illuminate\Session\Middleware\StartSession->handle(Object(Illuminate\Http\Request), Object(Closure))
#28 /Users/iamk/git/darling/vendor/laravel/framework/src/Illuminate/Routing/Pipeline.php(53): Illuminate\Pipeline\Pipeline->Illuminate\Pipeline\{closure}(Object(Illuminate\Http\Request))
#29 /Users/iamk/git/darling/vendor/laravel/framework/src/Illuminate/Cookie/Middleware/AddQueuedCookiesToResponse.php(37): Illuminate\Routing\Pipeline->Illuminate\Routing\{closure}(Object(Illuminate\Http\Request))
#30 /Users/iamk/git/darling/vendor/laravel/framework/src/Illuminate/Pipeline/Pipeline.php(149): Illuminate\Cookie\Middleware\AddQueuedCookiesToResponse->handle(Object(Illuminate\Http\Request), Object(Closure))
#31 /Users/iamk/git/darling/vendor/laravel/framework/src/Illuminate/Routing/Pipeline.php(53): Illuminate\Pipeline\Pipeline->Illuminate\Pipeline\{closure}(Object(Illuminate\Http\Request))
#32 /Users/iamk/git/darling/vendor/laravel/framework/src/Illuminate/Cookie/Middleware/EncryptCookies.php(68): Illuminate\Routing\Pipeline->Illuminate\Routing\{closure}(Object(Illuminate\Http\Request))
#33 /Users/iamk/git/darling/vendor/laravel/framework/src/Illuminate/Pipeline/Pipeline.php(149): Illuminate\Cookie\Middleware\EncryptCookies->handle(Object(Illuminate\Http\Request), Object(Closure))
#34 /Users/iamk/git/darling/vendor/laravel/framework/src/Illuminate/Routing/Pipeline.php(53): Illuminate\Pipeline\Pipeline->Illuminate\Pipeline\{closure}(Object(Illuminate\Http\Request))
#35 /Users/iamk/git/darling/vendor/laravel/framework/src/Illuminate/Pipeline/Pipeline.php(102): Illuminate\Routing\Pipeline->Illuminate\Routing\{closure}(Object(Illuminate\Http\Request))
#36 /Users/iamk/git/darling/vendor/laravel/framework/src/Illuminate/Routing/Router.php(660): Illuminate\Pipeline\Pipeline->then(Object(Closure))
#37 /Users/iamk/git/darling/vendor/laravel/framework/src/Illuminate/Routing/Router.php(635): Illuminate\Routing\Router->runRouteWithinStack(Object(Illuminate\Routing\Route), Object(Illuminate\Http\Request))
#38 /Users/iamk/git/darling/vendor/laravel/framework/src/Illuminate/Routing/Router.php(601): Illuminate\Routing\Router->runRoute(Object(Illuminate\Http\Request), Object(Illuminate\Routing\Route))
#39 /Users/iamk/git/darling/vendor/october/rain/src/Router/CoreRouter.php(20): Illuminate\Routing\Router->dispatchToRoute(Object(Illuminate\Http\Request))
#40 /Users/iamk/git/darling/vendor/laravel/framework/src/Illuminate/Foundation/Http/Kernel.php(176): October\Rain\Router\CoreRouter->dispatch(Object(Illuminate\Http\Request))
#41 /Users/iamk/git/darling/vendor/laravel/framework/src/Illuminate/Routing/Pipeline.php(30): Illuminate\Foundation\Http\Kernel->Illuminate\Foundation\Http\{closure}(Object(Illuminate\Http\Request))
#42 /Users/iamk/git/darling/vendor/laravel/framework/src/Illuminate/Foundation/Http/Middleware/CheckForMaintenanceMode.php(46): Illuminate\Routing\Pipeline->Illuminate\Routing\{closure}(Object(Illuminate\Http\Request))
#43 /Users/iamk/git/darling/vendor/october/rain/src/Foundation/Http/Middleware/CheckForMaintenanceMode.php(25): Illuminate\Foundation\Http\Middleware\CheckForMaintenanceMode->handle(Object(Illuminate\Http\Request), Object(Closure))
#44 /Users/iamk/git/darling/vendor/laravel/framework/src/Illuminate/Pipeline/Pipeline.php(149): October\Rain\Foundation\Http\Middleware\CheckForMaintenanceMode->handle(Object(Illuminate\Http\Request), Object(Closure))
#45 /Users/iamk/git/darling/vendor/laravel/framework/src/Illuminate/Routing/Pipeline.php(53): Illuminate\Pipeline\Pipeline->Illuminate\Pipeline\{closure}(Object(Illuminate\Http\Request))
#46 /Users/iamk/git/darling/vendor/laravel/framework/src/Illuminate/Pipeline/Pipeline.php(102): Illuminate\Routing\Pipeline->Illuminate\Routing\{closure}(Object(Illuminate\Http\Request))
#47 /Users/iamk/git/darling/vendor/laravel/framework/src/Illuminate/Foundation/Http/Kernel.php(151): Illuminate\Pipeline\Pipeline->then(Object(Closure))
#48 /Users/iamk/git/darling/vendor/laravel/framework/src/Illuminate/Foundation/Http/Kernel.php(116): Illuminate\Foundation\Http\Kernel->sendRequestThroughRouter(Object(Illuminate\Http\Request))
#49 /Users/iamk/git/darling/index.php(43): Illuminate\Foundation\Http\Kernel->handle(Object(Illuminate\Http\Request))
#50 {main}

Next Twig\Error\RuntimeError: An exception has been thrown during the rendering of a template ("Object of class Iamk\Mainbanner\Models\MainBanner could not be converted to number") in "/Users/iamk/git/darling/themes/demo/partials/site/main-banner.htm" at line 13. in /Users/iamk/git/darling/vendor/twig/twig/src/Template.php:421
Stack trace:
#0 /Users/iamk/git/darling/vendor/twig/twig/src/Template.php(380): Twig\Template->displayWithErrorHandling(Array, Array)
#1 /Users/iamk/git/darling/vendor/twig/twig/src/Template.php(392): Twig\Template->display(Array)
#2 /Users/iamk/git/darling/modules/cms/Classes/Controller.php(1088): Twig\Template->render(Array)
#3 /Users/iamk/git/darling/modules/cms/Twig/Extension.php(102): Cms\Classes\Controller->renderPartial('builderList', Array, true)
#4 /Users/iamk/git/darling/storage/cms/twig/30/30cf3fe94195f3c706c7afd861248b4bd50160e297a8c0088c116cfde699dc8d.php(63): Cms\Twig\Extension->partialFunction('site/main-banne...', Array, true)
#5 /Users/iamk/git/darling/vendor/twig/twig/src/Template.php(407): __TwigTemplate_9fe354c22b8057b1dce1d14bd501f7c86996719a63996941d58f211dd2157532->doDisplay(Array, Array)
#6 /Users/iamk/git/darling/vendor/twig/twig/src/Template.php(380): Twig\Template->displayWithErrorHandling(Array, Array)
#7 /Users/iamk/git/darling/vendor/twig/twig/src/Template.php(392): Twig\Template->display(Array)
#8 /Users/iamk/git/darling/modules/cms/Classes/Controller.php(425): Twig\Template->render(Array)
#9 /Users/iamk/git/darling/modules/cms/Classes/Controller.php(225): Cms\Classes\Controller->runPage(Object(Cms\Classes\Page))
#10 /Users/iamk/git/darling/modules/cms/Classes/CmsController.php(50): Cms\Classes\Controller->run('/')
#11 [internal function]: Cms\Classes\CmsController->run('/')
#12 /Users/iamk/git/darling/vendor/laravel/framework/src/Illuminate/Routing/Controller.php(54): call_user_func_array(Array, Array)
#13 /Users/iamk/git/darling/vendor/laravel/framework/src/Illuminate/Routing/ControllerDispatcher.php(45): Illuminate\Routing\Controller->callAction('run', Array)
#14 /Users/iamk/git/darling/vendor/laravel/framework/src/Illuminate/Routing/Route.php(212): Illuminate\Routing\ControllerDispatcher->dispatch(Object(Illuminate\Routing\Route), Object(Cms\Classes\CmsController), 'run')
#15 /Users/iamk/git/darling/vendor/laravel/framework/src/Illuminate/Routing/Route.php(169): Illuminate\Routing\Route->runController()
#16 /Users/iamk/git/darling/vendor/laravel/framework/src/Illuminate/Routing/Router.php(658): Illuminate\Routing\Route->run()
#17 /Users/iamk/git/darling/vendor/laravel/framework/src/Illuminate/Routing/Pipeline.php(30): Illuminate\Routing\Router->Illuminate\Routing\{closure}(Object(Illuminate\Http\Request))
#18 /Users/iamk/git/darling/vendor/laravel/framework/src/Illuminate/Routing/Middleware/SubstituteBindings.php(41): Illuminate\Routing\Pipeline->Illuminate\Routing\{closure}(Object(Illuminate\Http\Request))
#19 /Users/iamk/git/darling/vendor/laravel/framework/src/Illuminate/Pipeline/Pipeline.php(149): Illuminate\Routing\Middleware\SubstituteBindings->handle(Object(Illuminate\Http\Request), Object(Closure))
#20 /Users/iamk/git/darling/vendor/laravel/framework/src/Illuminate/Routing/Pipeline.php(53): Illuminate\Pipeline\Pipeline->Illuminate\Pipeline\{closure}(Object(Illuminate\Http\Request))
#21 /Users/iamk/git/darling/vendor/laravel/framework/src/Illuminate/View/Middleware/ShareErrorsFromSession.php(49): Illuminate\Routing\Pipeline->Illuminate\Routing\{closure}(Object(Illuminate\Http\Request))
#22 /Users/iamk/git/darling/vendor/laravel/framework/src/Illuminate/Pipeline/Pipeline.php(149): Illuminate\View\Middleware\ShareErrorsFromSession->handle(Object(Illuminate\Http\Request), Object(Closure))
#23 /Users/iamk/git/darling/vendor/laravel/framework/src/Illuminate/Routing/Pipeline.php(53): Illuminate\Pipeline\Pipeline->Illuminate\Pipeline\{closure}(Object(Illuminate\Http\Request))
#24 /Users/iamk/git/darling/vendor/laravel/framework/src/Illuminate/Session/Middleware/StartSession.php(63): Illuminate\Routing\Pipeline->Illuminate\Routing\{closure}(Object(Illuminate\Http\Request))
#25 /Users/iamk/git/darling/vendor/laravel/framework/src/Illuminate/Pipeline/Pipeline.php(149): Illuminate\Session\Middleware\StartSession->handle(Object(Illuminate\Http\Request), Object(Closure))
#26 /Users/iamk/git/darling/vendor/laravel/framework/src/Illuminate/Routing/Pipeline.php(53): Illuminate\Pipeline\Pipeline->Illuminate\Pipeline\{closure}(Object(Illuminate\Http\Request))
#27 /Users/iamk/git/darling/vendor/laravel/framework/src/Illuminate/Cookie/Middleware/AddQueuedCookiesToResponse.php(37): Illuminate\Routing\Pipeline->Illuminate\Routing\{closure}(Object(Illuminate\Http\Request))
#28 /Users/iamk/git/darling/vendor/laravel/framework/src/Illuminate/Pipeline/Pipeline.php(149): Illuminate\Cookie\Middleware\AddQueuedCookiesToResponse->handle(Object(Illuminate\Http\Request), Object(Closure))
#29 /Users/iamk/git/darling/vendor/laravel/framework/src/Illuminate/Routing/Pipeline.php(53): Illuminate\Pipeline\Pipeline->Illuminate\Pipeline\{closure}(Object(Illuminate\Http\Request))
#30 /Users/iamk/git/darling/vendor/laravel/framework/src/Illuminate/Cookie/Middleware/EncryptCookies.php(68): Illuminate\Routing\Pipeline->Illuminate\Routing\{closure}(Object(Illuminate\Http\Request))
#31 /Users/iamk/git/darling/vendor/laravel/framework/src/Illuminate/Pipeline/Pipeline.php(149): Illuminate\Cookie\Middleware\EncryptCookies->handle(Object(Illuminate\Http\Request), Object(Closure))
#32 /Users/iamk/git/darling/vendor/laravel/framework/src/Illuminate/Routing/Pipeline.php(53): Illuminate\Pipeline\Pipeline->Illuminate\Pipeline\{closure}(Object(Illuminate\Http\Request))
#33 /Users/iamk/git/darling/vendor/laravel/framework/src/Illuminate/Pipeline/Pipeline.php(102): Illuminate\Routing\Pipeline->Illuminate\Routing\{closure}(Object(Illuminate\Http\Request))
#34 /Users/iamk/git/darling/vendor/laravel/framework/src/Illuminate/Routing/Router.php(660): Illuminate\Pipeline\Pipeline->then(Object(Closure))
#35 /Users/iamk/git/darling/vendor/laravel/framework/src/Illuminate/Routing/Router.php(635): Illuminate\Routing\Router->runRouteWithinStack(Object(Illuminate\Routing\Route), Object(Illuminate\Http\Request))
#36 /Users/iamk/git/darling/vendor/laravel/framework/src/Illuminate/Routing/Router.php(601): Illuminate\Routing\Router->runRoute(Object(Illuminate\Http\Request), Object(Illuminate\Routing\Route))
#37 /Users/iamk/git/darling/vendor/october/rain/src/Router/CoreRouter.php(20): Illuminate\Routing\Router->dispatchToRoute(Object(Illuminate\Http\Request))
#38 /Users/iamk/git/darling/vendor/laravel/framework/src/Illuminate/Foundation/Http/Kernel.php(176): October\Rain\Router\CoreRouter->dispatch(Object(Illuminate\Http\Request))
#39 /Users/iamk/git/darling/vendor/laravel/framework/src/Illuminate/Routing/Pipeline.php(30): Illuminate\Foundation\Http\Kernel->Illuminate\Foundation\Http\{closure}(Object(Illuminate\Http\Request))
#40 /Users/iamk/git/darling/vendor/laravel/framework/src/Illuminate/Foundation/Http/Middleware/CheckForMaintenanceMode.php(46): Illuminate\Routing\Pipeline->Illuminate\Routing\{closure}(Object(Illuminate\Http\Request))
#41 /Users/iamk/git/darling/vendor/october/rain/src/Foundation/Http/Middleware/CheckForMaintenanceMode.php(25): Illuminate\Foundation\Http\Middleware\CheckForMaintenanceMode->handle(Object(Illuminate\Http\Request), Object(Closure))
#42 /Users/iamk/git/darling/vendor/laravel/framework/src/Illuminate/Pipeline/Pipeline.php(149): October\Rain\Foundation\Http\Middleware\CheckForMaintenanceMode->handle(Object(Illuminate\Http\Request), Object(Closure))
#43 /Users/iamk/git/darling/vendor/laravel/framework/src/Illuminate/Routing/Pipeline.php(53): Illuminate\Pipeline\Pipeline->Illuminate\Pipeline\{closure}(Object(Illuminate\Http\Request))
#44 /Users/iamk/git/darling/vendor/laravel/framework/src/Illuminate/Pipeline/Pipeline.php(102): Illuminate\Routing\Pipeline->Illuminate\Routing\{closure}(Object(Illuminate\Http\Request))
#45 /Users/iamk/git/darling/vendor/laravel/framework/src/Illuminate/Foundation/Http/Kernel.php(151): Illuminate\Pipeline\Pipeline->then(Object(Closure))
#46 /Users/iamk/git/darling/vendor/laravel/framework/src/Illuminate/Foundation/Http/Kernel.php(116): Illuminate\Foundation\Http\Kernel->sendRequestThroughRouter(Object(Illuminate\Http\Request))
#47 /Users/iamk/git/darling/index.php(43): Illuminate\Foundation\Http\Kernel->handle(Object(Illuminate\Http\Request))
#48 {main}  
[2021-02-12 16:41:23] development.ERROR: Twig\Error\SyntaxError: Unexpected "record" tag (expecting closing tag for the "for" tag defined near line 13) in "/Users/iamk/git/darling/themes/demo/partials/site/main-banner.htm" at line 13. in /Users/iamk/git/darling/vendor/twig/twig/src/Parser.php:169
Stack trace:
#0 /Users/iamk/git/darling/vendor/twig/twig/src/TokenParser/ForTokenParser.php(52): Twig\Parser->subparse(Array)
#1 /Users/iamk/git/darling/vendor/twig/twig/src/Parser.php(185): Twig\TokenParser\ForTokenParser->parse(Object(Twig\Token))
#2 /Users/iamk/git/darling/vendor/twig/twig/src/Parser.php(98): Twig\Parser->subparse(NULL, false)
#3 /Users/iamk/git/darling/vendor/twig/twig/src/Environment.php(563): Twig\Parser->parse(Object(Twig\TokenStream))
#4 /Users/iamk/git/darling/vendor/twig/twig/src/Environment.php(595): Twig\Environment->parse(Object(Twig\TokenStream))
#5 /Users/iamk/git/darling/vendor/twig/twig/src/Environment.php(408): Twig\Environment->compileSource(Object(Twig\Source))
#6 /Users/iamk/git/darling/vendor/twig/twig/src/Environment.php(381): Twig\Environment->loadClass('__TwigTemplate_...', '/Users/iamk/git...', NULL)
#7 /Users/iamk/git/darling/modules/cms/Classes/Controller.php(1087): Twig\Environment->loadTemplate('/Users/iamk/git...')
#8 /Users/iamk/git/darling/modules/cms/Twig/Extension.php(102): Cms\Classes\Controller->renderPartial('builderList', Array, true)
#9 /Users/iamk/git/darling/storage/cms/twig/30/30cf3fe94195f3c706c7afd861248b4bd50160e297a8c0088c116cfde699dc8d.php(63): Cms\Twig\Extension->partialFunction('site/main-banne...', Array, true)
#10 /Users/iamk/git/darling/vendor/twig/twig/src/Template.php(407): __TwigTemplate_9fe354c22b8057b1dce1d14bd501f7c86996719a63996941d58f211dd2157532->doDisplay(Array, Array)
#11 /Users/iamk/git/darling/vendor/twig/twig/src/Template.php(380): Twig\Template->displayWithErrorHandling(Array, Array)
#12 /Users/iamk/git/darling/vendor/twig/twig/src/Template.php(392): Twig\Template->display(Array)
#13 /Users/iamk/git/darling/modules/cms/Classes/Controller.php(425): Twig\Template->render(Array)
#14 /Users/iamk/git/darling/modules/cms/Classes/Controller.php(225): Cms\Classes\Controller->runPage(Object(Cms\Classes\Page))
#15 /Users/iamk/git/darling/modules/cms/Classes/CmsController.php(50): Cms\Classes\Controller->run('/')
#16 [internal function]: Cms\Classes\CmsController->run('/')
#17 /Users/iamk/git/darling/vendor/laravel/framework/src/Illuminate/Routing/Controller.php(54): call_user_func_array(Array, Array)
#18 /Users/iamk/git/darling/vendor/laravel/framework/src/Illuminate/Routing/ControllerDispatcher.php(45): Illuminate\Routing\Controller->callAction('run', Array)
#19 /Users/iamk/git/darling/vendor/laravel/framework/src/Illuminate/Routing/Route.php(212): Illuminate\Routing\ControllerDispatcher->dispatch(Object(Illuminate\Routing\Route), Object(Cms\Classes\CmsController), 'run')
#20 /Users/iamk/git/darling/vendor/laravel/framework/src/Illuminate/Routing/Route.php(169): Illuminate\Routing\Route->runController()
#21 /Users/iamk/git/darling/vendor/laravel/framework/src/Illuminate/Routing/Router.php(658): Illuminate\Routing\Route->run()
#22 /Users/iamk/git/darling/vendor/laravel/framework/src/Illuminate/Routing/Pipeline.php(30): Illuminate\Routing\Router->Illuminate\Routing\{closure}(Object(Illuminate\Http\Request))
#23 /Users/iamk/git/darling/vendor/laravel/framework/src/Illuminate/Routing/Middleware/SubstituteBindings.php(41): Illuminate\Routing\Pipeline->Illuminate\Routing\{closure}(Object(Illuminate\Http\Request))
#24 /Users/iamk/git/darling/vendor/laravel/framework/src/Illuminate/Pipeline/Pipeline.php(149): Illuminate\Routing\Middleware\SubstituteBindings->handle(Object(Illuminate\Http\Request), Object(Closure))
#25 /Users/iamk/git/darling/vendor/laravel/framework/src/Illuminate/Routing/Pipeline.php(53): Illuminate\Pipeline\Pipeline->Illuminate\Pipeline\{closure}(Object(Illuminate\Http\Request))
#26 /Users/iamk/git/darling/vendor/laravel/framework/src/Illuminate/View/Middleware/ShareErrorsFromSession.php(49): Illuminate\Routing\Pipeline->Illuminate\Routing\{closure}(Object(Illuminate\Http\Request))
#27 /Users/iamk/git/darling/vendor/laravel/framework/src/Illuminate/Pipeline/Pipeline.php(149): Illuminate\View\Middleware\ShareErrorsFromSession->handle(Object(Illuminate\Http\Request), Object(Closure))
#28 /Users/iamk/git/darling/vendor/laravel/framework/src/Illuminate/Routing/Pipeline.php(53): Illuminate\Pipeline\Pipeline->Illuminate\Pipeline\{closure}(Object(Illuminate\Http\Request))
#29 /Users/iamk/git/darling/vendor/laravel/framework/src/Illuminate/Session/Middleware/StartSession.php(63): Illuminate\Routing\Pipeline->Illuminate\Routing\{closure}(Object(Illuminate\Http\Request))
#30 /Users/iamk/git/darling/vendor/laravel/framework/src/Illuminate/Pipeline/Pipeline.php(149): Illuminate\Session\Middleware\StartSession->handle(Object(Illuminate\Http\Request), Object(Closure))
#31 /Users/iamk/git/darling/vendor/laravel/framework/src/Illuminate/Routing/Pipeline.php(53): Illuminate\Pipeline\Pipeline->Illuminate\Pipeline\{closure}(Object(Illuminate\Http\Request))
#32 /Users/iamk/git/darling/vendor/laravel/framework/src/Illuminate/Cookie/Middleware/AddQueuedCookiesToResponse.php(37): Illuminate\Routing\Pipeline->Illuminate\Routing\{closure}(Object(Illuminate\Http\Request))
#33 /Users/iamk/git/darling/vendor/laravel/framework/src/Illuminate/Pipeline/Pipeline.php(149): Illuminate\Cookie\Middleware\AddQueuedCookiesToResponse->handle(Object(Illuminate\Http\Request), Object(Closure))
#34 /Users/iamk/git/darling/vendor/laravel/framework/src/Illuminate/Routing/Pipeline.php(53): Illuminate\Pipeline\Pipeline->Illuminate\Pipeline\{closure}(Object(Illuminate\Http\Request))
#35 /Users/iamk/git/darling/vendor/laravel/framework/src/Illuminate/Cookie/Middleware/EncryptCookies.php(68): Illuminate\Routing\Pipeline->Illuminate\Routing\{closure}(Object(Illuminate\Http\Request))
#36 /Users/iamk/git/darling/vendor/laravel/framework/src/Illuminate/Pipeline/Pipeline.php(149): Illuminate\Cookie\Middleware\EncryptCookies->handle(Object(Illuminate\Http\Request), Object(Closure))
#37 /Users/iamk/git/darling/vendor/laravel/framework/src/Illuminate/Routing/Pipeline.php(53): Illuminate\Pipeline\Pipeline->Illuminate\Pipeline\{closure}(Object(Illuminate\Http\Request))
#38 /Users/iamk/git/darling/vendor/laravel/framework/src/Illuminate/Pipeline/Pipeline.php(102): Illuminate\Routing\Pipeline->Illuminate\Routing\{closure}(Object(Illuminate\Http\Request))
#39 /Users/iamk/git/darling/vendor/laravel/framework/src/Illuminate/Routing/Router.php(660): Illuminate\Pipeline\Pipeline->then(Object(Closure))
#40 /Users/iamk/git/darling/vendor/laravel/framework/src/Illuminate/Routing/Router.php(635): Illuminate\Routing\Router->runRouteWithinStack(Object(Illuminate\Routing\Route), Object(Illuminate\Http\Request))
#41 /Users/iamk/git/darling/vendor/laravel/framework/src/Illuminate/Routing/Router.php(601): Illuminate\Routing\Router->runRoute(Object(Illuminate\Http\Request), Object(Illuminate\Routing\Route))
#42 /Users/iamk/git/darling/vendor/october/rain/src/Router/CoreRouter.php(20): Illuminate\Routing\Router->dispatchToRoute(Object(Illuminate\Http\Request))
#43 /Users/iamk/git/darling/vendor/laravel/framework/src/Illuminate/Foundation/Http/Kernel.php(176): October\Rain\Router\CoreRouter->dispatch(Object(Illuminate\Http\Request))
#44 /Users/iamk/git/darling/vendor/laravel/framework/src/Illuminate/Routing/Pipeline.php(30): Illuminate\Foundation\Http\Kernel->Illuminate\Foundation\Http\{closure}(Object(Illuminate\Http\Request))
#45 /Users/iamk/git/darling/vendor/laravel/framework/src/Illuminate/Foundation/Http/Middleware/CheckForMaintenanceMode.php(46): Illuminate\Routing\Pipeline->Illuminate\Routing\{closure}(Object(Illuminate\Http\Request))
#46 /Users/iamk/git/darling/vendor/october/rain/src/Foundation/Http/Middleware/CheckForMaintenanceMode.php(25): Illuminate\Foundation\Http\Middleware\CheckForMaintenanceMode->handle(Object(Illuminate\Http\Request), Object(Closure))
#47 /Users/iamk/git/darling/vendor/laravel/framework/src/Illuminate/Pipeline/Pipeline.php(149): October\Rain\Foundation\Http\Middleware\CheckForMaintenanceMode->handle(Object(Illuminate\Http\Request), Object(Closure))
#48 /Users/iamk/git/darling/vendor/laravel/framework/src/Illuminate/Routing/Pipeline.php(53): Illuminate\Pipeline\Pipeline->Illuminate\Pipeline\{closure}(Object(Illuminate\Http\Request))
#49 /Users/iamk/git/darling/vendor/laravel/framework/src/Illuminate/Pipeline/Pipeline.php(102): Illuminate\Routing\Pipeline->Illuminate\Routing\{closure}(Object(Illuminate\Http\Request))
#50 /Users/iamk/git/darling/vendor/laravel/framework/src/Illuminate/Foundation/Http/Kernel.php(151): Illuminate\Pipeline\Pipeline->then(Object(Closure))
#51 /Users/iamk/git/darling/vendor/laravel/framework/src/Illuminate/Foundation/Http/Kernel.php(116): Illuminate\Foundation\Http\Kernel->sendRequestThroughRouter(Object(Illuminate\Http\Request))
#52 /Users/iamk/git/darling/index.php(43): Illuminate\Foundation\Http\Kernel->handle(Object(Illuminate\Http\Request))
#53 {main}  
[2021-02-13 23:59:38] development.ERROR: Cms\Classes\CmsException: The partial 'site/main-drawer.htm' is not found. in /Users/iamk/git/darling/modules/cms/Classes/Controller.php:1030
Stack trace:
#0 /Users/iamk/git/darling/modules/cms/Twig/Extension.php(102): Cms\Classes\Controller->renderPartial('site/main-drawe...', Array, true)
#1 /Users/iamk/git/darling/storage/cms/twig/1f/1ffb275923290ee333b9f2dee90d155777062299a2f894df95e42c095945e5b2.php(72): Cms\Twig\Extension->partialFunction('site/main-drawe...', Array, true)
#2 /Users/iamk/git/darling/vendor/twig/twig/src/Template.php(407): __TwigTemplate_c23ee6000f493876b9f382c842d46bebdabe8d783a8bb7cf2bcaec60dadde40b->doDisplay(Array, Array)
#3 /Users/iamk/git/darling/vendor/twig/twig/src/Template.php(380): Twig\Template->displayWithErrorHandling(Array, Array)
#4 /Users/iamk/git/darling/vendor/twig/twig/src/Template.php(392): Twig\Template->display(Array)
#5 /Users/iamk/git/darling/modules/cms/Classes/Controller.php(1088): Twig\Template->render(Array)
#6 /Users/iamk/git/darling/modules/cms/Twig/Extension.php(102): Cms\Classes\Controller->renderPartial('builderDetails', Array, true)
#7 /Users/iamk/git/darling/storage/cms/twig/30/30cf3fe94195f3c706c7afd861248b4bd50160e297a8c0088c116cfde699dc8d.php(63): Cms\Twig\Extension->partialFunction('site/main-banne...', Array, true)
#8 /Users/iamk/git/darling/vendor/twig/twig/src/Template.php(407): __TwigTemplate_9fe354c22b8057b1dce1d14bd501f7c86996719a63996941d58f211dd2157532->doDisplay(Array, Array)
#9 /Users/iamk/git/darling/vendor/twig/twig/src/Template.php(380): Twig\Template->displayWithErrorHandling(Array, Array)
#10 /Users/iamk/git/darling/vendor/twig/twig/src/Template.php(392): Twig\Template->display(Array)
#11 /Users/iamk/git/darling/modules/cms/Classes/Controller.php(425): Twig\Template->render(Array)
#12 /Users/iamk/git/darling/modules/cms/Classes/Controller.php(225): Cms\Classes\Controller->runPage(Object(Cms\Classes\Page))
#13 /Users/iamk/git/darling/modules/cms/Classes/CmsController.php(50): Cms\Classes\Controller->run('/')
#14 [internal function]: Cms\Classes\CmsController->run('/')
#15 /Users/iamk/git/darling/vendor/laravel/framework/src/Illuminate/Routing/Controller.php(54): call_user_func_array(Array, Array)
#16 /Users/iamk/git/darling/vendor/laravel/framework/src/Illuminate/Routing/ControllerDispatcher.php(45): Illuminate\Routing\Controller->callAction('run', Array)
#17 /Users/iamk/git/darling/vendor/laravel/framework/src/Illuminate/Routing/Route.php(212): Illuminate\Routing\ControllerDispatcher->dispatch(Object(Illuminate\Routing\Route), Object(Cms\Classes\CmsController), 'run')
#18 /Users/iamk/git/darling/vendor/laravel/framework/src/Illuminate/Routing/Route.php(169): Illuminate\Routing\Route->runController()
#19 /Users/iamk/git/darling/vendor/laravel/framework/src/Illuminate/Routing/Router.php(658): Illuminate\Routing\Route->run()
#20 /Users/iamk/git/darling/vendor/laravel/framework/src/Illuminate/Routing/Pipeline.php(30): Illuminate\Routing\Router->Illuminate\Routing\{closure}(Object(Illuminate\Http\Request))
#21 /Users/iamk/git/darling/vendor/laravel/framework/src/Illuminate/Routing/Middleware/SubstituteBindings.php(41): Illuminate\Routing\Pipeline->Illuminate\Routing\{closure}(Object(Illuminate\Http\Request))
#22 /Users/iamk/git/darling/vendor/laravel/framework/src/Illuminate/Pipeline/Pipeline.php(149): Illuminate\Routing\Middleware\SubstituteBindings->handle(Object(Illuminate\Http\Request), Object(Closure))
#23 /Users/iamk/git/darling/vendor/laravel/framework/src/Illuminate/Routing/Pipeline.php(53): Illuminate\Pipeline\Pipeline->Illuminate\Pipeline\{closure}(Object(Illuminate\Http\Request))
#24 /Users/iamk/git/darling/vendor/laravel/framework/src/Illuminate/View/Middleware/ShareErrorsFromSession.php(49): Illuminate\Routing\Pipeline->Illuminate\Routing\{closure}(Object(Illuminate\Http\Request))
#25 /Users/iamk/git/darling/vendor/laravel/framework/src/Illuminate/Pipeline/Pipeline.php(149): Illuminate\View\Middleware\ShareErrorsFromSession->handle(Object(Illuminate\Http\Request), Object(Closure))
#26 /Users/iamk/git/darling/vendor/laravel/framework/src/Illuminate/Routing/Pipeline.php(53): Illuminate\Pipeline\Pipeline->Illuminate\Pipeline\{closure}(Object(Illuminate\Http\Request))
#27 /Users/iamk/git/darling/vendor/laravel/framework/src/Illuminate/Session/Middleware/StartSession.php(63): Illuminate\Routing\Pipeline->Illuminate\Routing\{closure}(Object(Illuminate\Http\Request))
#28 /Users/iamk/git/darling/vendor/laravel/framework/src/Illuminate/Pipeline/Pipeline.php(149): Illuminate\Session\Middleware\StartSession->handle(Object(Illuminate\Http\Request), Object(Closure))
#29 /Users/iamk/git/darling/vendor/laravel/framework/src/Illuminate/Routing/Pipeline.php(53): Illuminate\Pipeline\Pipeline->Illuminate\Pipeline\{closure}(Object(Illuminate\Http\Request))
#30 /Users/iamk/git/darling/vendor/laravel/framework/src/Illuminate/Cookie/Middleware/AddQueuedCookiesToResponse.php(37): Illuminate\Routing\Pipeline->Illuminate\Routing\{closure}(Object(Illuminate\Http\Request))
#31 /Users/iamk/git/darling/vendor/laravel/framework/src/Illuminate/Pipeline/Pipeline.php(149): Illuminate\Cookie\Middleware\AddQueuedCookiesToResponse->handle(Object(Illuminate\Http\Request), Object(Closure))
#32 /Users/iamk/git/darling/vendor/laravel/framework/src/Illuminate/Routing/Pipeline.php(53): Illuminate\Pipeline\Pipeline->Illuminate\Pipeline\{closure}(Object(Illuminate\Http\Request))
#33 /Users/iamk/git/darling/vendor/laravel/framework/src/Illuminate/Cookie/Middleware/EncryptCookies.php(68): Illuminate\Routing\Pipeline->Illuminate\Routing\{closure}(Object(Illuminate\Http\Request))
#34 /Users/iamk/git/darling/vendor/laravel/framework/src/Illuminate/Pipeline/Pipeline.php(149): Illuminate\Cookie\Middleware\EncryptCookies->handle(Object(Illuminate\Http\Request), Object(Closure))
#35 /Users/iamk/git/darling/vendor/laravel/framework/src/Illuminate/Routing/Pipeline.php(53): Illuminate\Pipeline\Pipeline->Illuminate\Pipeline\{closure}(Object(Illuminate\Http\Request))
#36 /Users/iamk/git/darling/vendor/laravel/framework/src/Illuminate/Pipeline/Pipeline.php(102): Illuminate\Routing\Pipeline->Illuminate\Routing\{closure}(Object(Illuminate\Http\Request))
#37 /Users/iamk/git/darling/vendor/laravel/framework/src/Illuminate/Routing/Router.php(660): Illuminate\Pipeline\Pipeline->then(Object(Closure))
#38 /Users/iamk/git/darling/vendor/laravel/framework/src/Illuminate/Routing/Router.php(635): Illuminate\Routing\Router->runRouteWithinStack(Object(Illuminate\Routing\Route), Object(Illuminate\Http\Request))
#39 /Users/iamk/git/darling/vendor/laravel/framework/src/Illuminate/Routing/Router.php(601): Illuminate\Routing\Router->runRoute(Object(Illuminate\Http\Request), Object(Illuminate\Routing\Route))
#40 /Users/iamk/git/darling/vendor/october/rain/src/Router/CoreRouter.php(20): Illuminate\Routing\Router->dispatchToRoute(Object(Illuminate\Http\Request))
#41 /Users/iamk/git/darling/vendor/laravel/framework/src/Illuminate/Foundation/Http/Kernel.php(176): October\Rain\Router\CoreRouter->dispatch(Object(Illuminate\Http\Request))
#42 /Users/iamk/git/darling/vendor/laravel/framework/src/Illuminate/Routing/Pipeline.php(30): Illuminate\Foundation\Http\Kernel->Illuminate\Foundation\Http\{closure}(Object(Illuminate\Http\Request))
#43 /Users/iamk/git/darling/vendor/laravel/framework/src/Illuminate/Foundation/Http/Middleware/CheckForMaintenanceMode.php(46): Illuminate\Routing\Pipeline->Illuminate\Routing\{closure}(Object(Illuminate\Http\Request))
#44 /Users/iamk/git/darling/vendor/october/rain/src/Foundation/Http/Middleware/CheckForMaintenanceMode.php(25): Illuminate\Foundation\Http\Middleware\CheckForMaintenanceMode->handle(Object(Illuminate\Http\Request), Object(Closure))
#45 /Users/iamk/git/darling/vendor/laravel/framework/src/Illuminate/Pipeline/Pipeline.php(149): October\Rain\Foundation\Http\Middleware\CheckForMaintenanceMode->handle(Object(Illuminate\Http\Request), Object(Closure))
#46 /Users/iamk/git/darling/vendor/laravel/framework/src/Illuminate/Routing/Pipeline.php(53): Illuminate\Pipeline\Pipeline->Illuminate\Pipeline\{closure}(Object(Illuminate\Http\Request))
#47 /Users/iamk/git/darling/vendor/laravel/framework/src/Illuminate/Pipeline/Pipeline.php(102): Illuminate\Routing\Pipeline->Illuminate\Routing\{closure}(Object(Illuminate\Http\Request))
#48 /Users/iamk/git/darling/vendor/laravel/framework/src/Illuminate/Foundation/Http/Kernel.php(151): Illuminate\Pipeline\Pipeline->then(Object(Closure))
#49 /Users/iamk/git/darling/vendor/laravel/framework/src/Illuminate/Foundation/Http/Kernel.php(116): Illuminate\Foundation\Http\Kernel->sendRequestThroughRouter(Object(Illuminate\Http\Request))
#50 /Users/iamk/git/darling/index.php(43): Illuminate\Foundation\Http\Kernel->handle(Object(Illuminate\Http\Request))
#51 {main}

Next Twig\Error\RuntimeError: An exception has been thrown during the rendering of a template ("The partial 'site/main-drawer.htm' is not found.") in "/Users/iamk/git/darling/themes/demo/partials/site/main-banner.htm" at line 5. in /Users/iamk/git/darling/vendor/twig/twig/src/Template.php:421
Stack trace:
#0 /Users/iamk/git/darling/vendor/twig/twig/src/Template.php(380): Twig\Template->displayWithErrorHandling(Array, Array)
#1 /Users/iamk/git/darling/vendor/twig/twig/src/Template.php(392): Twig\Template->display(Array)
#2 /Users/iamk/git/darling/modules/cms/Classes/Controller.php(1088): Twig\Template->render(Array)
#3 /Users/iamk/git/darling/modules/cms/Twig/Extension.php(102): Cms\Classes\Controller->renderPartial('builderDetails', Array, true)
#4 /Users/iamk/git/darling/storage/cms/twig/30/30cf3fe94195f3c706c7afd861248b4bd50160e297a8c0088c116cfde699dc8d.php(63): Cms\Twig\Extension->partialFunction('site/main-banne...', Array, true)
#5 /Users/iamk/git/darling/vendor/twig/twig/src/Template.php(407): __TwigTemplate_9fe354c22b8057b1dce1d14bd501f7c86996719a63996941d58f211dd2157532->doDisplay(Array, Array)
#6 /Users/iamk/git/darling/vendor/twig/twig/src/Template.php(380): Twig\Template->displayWithErrorHandling(Array, Array)
#7 /Users/iamk/git/darling/vendor/twig/twig/src/Template.php(392): Twig\Template->display(Array)
#8 /Users/iamk/git/darling/modules/cms/Classes/Controller.php(425): Twig\Template->render(Array)
#9 /Users/iamk/git/darling/modules/cms/Classes/Controller.php(225): Cms\Classes\Controller->runPage(Object(Cms\Classes\Page))
#10 /Users/iamk/git/darling/modules/cms/Classes/CmsController.php(50): Cms\Classes\Controller->run('/')
#11 [internal function]: Cms\Classes\CmsController->run('/')
#12 /Users/iamk/git/darling/vendor/laravel/framework/src/Illuminate/Routing/Controller.php(54): call_user_func_array(Array, Array)
#13 /Users/iamk/git/darling/vendor/laravel/framework/src/Illuminate/Routing/ControllerDispatcher.php(45): Illuminate\Routing\Controller->callAction('run', Array)
#14 /Users/iamk/git/darling/vendor/laravel/framework/src/Illuminate/Routing/Route.php(212): Illuminate\Routing\ControllerDispatcher->dispatch(Object(Illuminate\Routing\Route), Object(Cms\Classes\CmsController), 'run')
#15 /Users/iamk/git/darling/vendor/laravel/framework/src/Illuminate/Routing/Route.php(169): Illuminate\Routing\Route->runController()
#16 /Users/iamk/git/darling/vendor/laravel/framework/src/Illuminate/Routing/Router.php(658): Illuminate\Routing\Route->run()
#17 /Users/iamk/git/darling/vendor/laravel/framework/src/Illuminate/Routing/Pipeline.php(30): Illuminate\Routing\Router->Illuminate\Routing\{closure}(Object(Illuminate\Http\Request))
#18 /Users/iamk/git/darling/vendor/laravel/framework/src/Illuminate/Routing/Middleware/SubstituteBindings.php(41): Illuminate\Routing\Pipeline->Illuminate\Routing\{closure}(Object(Illuminate\Http\Request))
#19 /Users/iamk/git/darling/vendor/laravel/framework/src/Illuminate/Pipeline/Pipeline.php(149): Illuminate\Routing\Middleware\SubstituteBindings->handle(Object(Illuminate\Http\Request), Object(Closure))
#20 /Users/iamk/git/darling/vendor/laravel/framework/src/Illuminate/Routing/Pipeline.php(53): Illuminate\Pipeline\Pipeline->Illuminate\Pipeline\{closure}(Object(Illuminate\Http\Request))
#21 /Users/iamk/git/darling/vendor/laravel/framework/src/Illuminate/View/Middleware/ShareErrorsFromSession.php(49): Illuminate\Routing\Pipeline->Illuminate\Routing\{closure}(Object(Illuminate\Http\Request))
#22 /Users/iamk/git/darling/vendor/laravel/framework/src/Illuminate/Pipeline/Pipeline.php(149): Illuminate\View\Middleware\ShareErrorsFromSession->handle(Object(Illuminate\Http\Request), Object(Closure))
#23 /Users/iamk/git/darling/vendor/laravel/framework/src/Illuminate/Routing/Pipeline.php(53): Illuminate\Pipeline\Pipeline->Illuminate\Pipeline\{closure}(Object(Illuminate\Http\Request))
#24 /Users/iamk/git/darling/vendor/laravel/framework/src/Illuminate/Session/Middleware/StartSession.php(63): Illuminate\Routing\Pipeline->Illuminate\Routing\{closure}(Object(Illuminate\Http\Request))
#25 /Users/iamk/git/darling/vendor/laravel/framework/src/Illuminate/Pipeline/Pipeline.php(149): Illuminate\Session\Middleware\StartSession->handle(Object(Illuminate\Http\Request), Object(Closure))
#26 /Users/iamk/git/darling/vendor/laravel/framework/src/Illuminate/Routing/Pipeline.php(53): Illuminate\Pipeline\Pipeline->Illuminate\Pipeline\{closure}(Object(Illuminate\Http\Request))
#27 /Users/iamk/git/darling/vendor/laravel/framework/src/Illuminate/Cookie/Middleware/AddQueuedCookiesToResponse.php(37): Illuminate\Routing\Pipeline->Illuminate\Routing\{closure}(Object(Illuminate\Http\Request))
#28 /Users/iamk/git/darling/vendor/laravel/framework/src/Illuminate/Pipeline/Pipeline.php(149): Illuminate\Cookie\Middleware\AddQueuedCookiesToResponse->handle(Object(Illuminate\Http\Request), Object(Closure))
#29 /Users/iamk/git/darling/vendor/laravel/framework/src/Illuminate/Routing/Pipeline.php(53): Illuminate\Pipeline\Pipeline->Illuminate\Pipeline\{closure}(Object(Illuminate\Http\Request))
#30 /Users/iamk/git/darling/vendor/laravel/framework/src/Illuminate/Cookie/Middleware/EncryptCookies.php(68): Illuminate\Routing\Pipeline->Illuminate\Routing\{closure}(Object(Illuminate\Http\Request))
#31 /Users/iamk/git/darling/vendor/laravel/framework/src/Illuminate/Pipeline/Pipeline.php(149): Illuminate\Cookie\Middleware\EncryptCookies->handle(Object(Illuminate\Http\Request), Object(Closure))
#32 /Users/iamk/git/darling/vendor/laravel/framework/src/Illuminate/Routing/Pipeline.php(53): Illuminate\Pipeline\Pipeline->Illuminate\Pipeline\{closure}(Object(Illuminate\Http\Request))
#33 /Users/iamk/git/darling/vendor/laravel/framework/src/Illuminate/Pipeline/Pipeline.php(102): Illuminate\Routing\Pipeline->Illuminate\Routing\{closure}(Object(Illuminate\Http\Request))
#34 /Users/iamk/git/darling/vendor/laravel/framework/src/Illuminate/Routing/Router.php(660): Illuminate\Pipeline\Pipeline->then(Object(Closure))
#35 /Users/iamk/git/darling/vendor/laravel/framework/src/Illuminate/Routing/Router.php(635): Illuminate\Routing\Router->runRouteWithinStack(Object(Illuminate\Routing\Route), Object(Illuminate\Http\Request))
#36 /Users/iamk/git/darling/vendor/laravel/framework/src/Illuminate/Routing/Router.php(601): Illuminate\Routing\Router->runRoute(Object(Illuminate\Http\Request), Object(Illuminate\Routing\Route))
#37 /Users/iamk/git/darling/vendor/october/rain/src/Router/CoreRouter.php(20): Illuminate\Routing\Router->dispatchToRoute(Object(Illuminate\Http\Request))
#38 /Users/iamk/git/darling/vendor/laravel/framework/src/Illuminate/Foundation/Http/Kernel.php(176): October\Rain\Router\CoreRouter->dispatch(Object(Illuminate\Http\Request))
#39 /Users/iamk/git/darling/vendor/laravel/framework/src/Illuminate/Routing/Pipeline.php(30): Illuminate\Foundation\Http\Kernel->Illuminate\Foundation\Http\{closure}(Object(Illuminate\Http\Request))
#40 /Users/iamk/git/darling/vendor/laravel/framework/src/Illuminate/Foundation/Http/Middleware/CheckForMaintenanceMode.php(46): Illuminate\Routing\Pipeline->Illuminate\Routing\{closure}(Object(Illuminate\Http\Request))
#41 /Users/iamk/git/darling/vendor/october/rain/src/Foundation/Http/Middleware/CheckForMaintenanceMode.php(25): Illuminate\Foundation\Http\Middleware\CheckForMaintenanceMode->handle(Object(Illuminate\Http\Request), Object(Closure))
#42 /Users/iamk/git/darling/vendor/laravel/framework/src/Illuminate/Pipeline/Pipeline.php(149): October\Rain\Foundation\Http\Middleware\CheckForMaintenanceMode->handle(Object(Illuminate\Http\Request), Object(Closure))
#43 /Users/iamk/git/darling/vendor/laravel/framework/src/Illuminate/Routing/Pipeline.php(53): Illuminate\Pipeline\Pipeline->Illuminate\Pipeline\{closure}(Object(Illuminate\Http\Request))
#44 /Users/iamk/git/darling/vendor/laravel/framework/src/Illuminate/Pipeline/Pipeline.php(102): Illuminate\Routing\Pipeline->Illuminate\Routing\{closure}(Object(Illuminate\Http\Request))
#45 /Users/iamk/git/darling/vendor/laravel/framework/src/Illuminate/Foundation/Http/Kernel.php(151): Illuminate\Pipeline\Pipeline->then(Object(Closure))
#46 /Users/iamk/git/darling/vendor/laravel/framework/src/Illuminate/Foundation/Http/Kernel.php(116): Illuminate\Foundation\Http\Kernel->sendRequestThroughRouter(Object(Illuminate\Http\Request))
#47 /Users/iamk/git/darling/index.php(43): Illuminate\Foundation\Http\Kernel->handle(Object(Illuminate\Http\Request))
#48 {main}  
